[2026-06-03T22:31:03.650Z] [error] Loading the font 'https://lishhsx6kmthaacj.public.blob.vercel-storage.com/fonts/dseg7classic-bold.counter.woff2' violates the following Content Security Policy directive: "font-src 'self' vercel.com assets.vercel.com vercel.live fonts.gstatic.com *.vercel.sh". The action has been blocked.
[2026-06-03T22:31:03.776Z] [log] %c
▲

    ____                               _ __
   / __ \________  ____ _____ ___     (_) /_
  / / / / ___/ _ \/ __ `/ __ `__ \   / / __/
 / /_/ / /  /  __/ /_/ / / / / / /  / / /__
/_____/_/   \___/\__,_/_/ /_/ /_/  /_/\__( )
   _____ __    _          _ __           |/
  / ___// /_  (_)___     (_) /_
  \__ \/ __ \/ / __ \   / / __/
 ___/ / / / / / /_/ /  / / /_
/____/_/ /_/_/ .___/  /_/\__/
            /_/
  

Hello!

- Open Source https://vercel.com/oss
- Careers https://vercel.com/careers
- Status https://vercel-status.com

 font-family: "Geist Mono", monospace; white-space: pre; line-height: 1;
[2026-06-03T22:31:04.461Z] [warning] Deprecated API for given entry type.
[2026-06-03T22:31:04.490Z] [error] Failed to load resource: the server responded with a status of 403 ()
[2026-06-03T22:31:04.790Z] [error] Failed to load resource: the server responded with a status of 429 ()
[2026-06-03T22:31:09.155Z] [warning] The resource https://vercel.com/vc-ap-vercel-marketing/_next/static/immutable/chunks/32j1o4pp77j1w.css was preloaded using link preload but not used within a few seconds from the window's load event. Please make sure it has an appropriate `as` value and it is preloaded intentionally.
[2026-06-03T22:31:09.155Z] [warning] The resource https://vercel.com/vc-ap-vercel-marketing/_next/static/immutable/chunks/0ry-4zzdy46lc.css was preloaded using link preload but not used within a few seconds from the window's load event. Please make sure it has an appropriate `as` value and it is preloaded intentionally.
[2026-06-03T22:31:09.155Z] [warning] The resource https://vercel.com/vc-ap-vercel-marketing/_next/static/immutable/chunks/17lnwdxpzmd72.css was preloaded using link preload but not used within a few seconds from the window's load event. Please make sure it has an appropriate `as` value and it is preloaded intentionally.
[2026-06-03T22:31:09.155Z] [warning] The resource https://vercel.com/vc-ap-vercel-marketing/_next/static/immutable/chunks/2u633oc6-vsh9.css was preloaded using link preload but not used within a few seconds from the window's load event. Please make sure it has an appropriate `as` value and it is preloaded intentionally.
[2026-06-03T22:31:09.155Z] [warning] The resource https://vercel.com/vc-ap-vercel-marketing/_next/static/immutable/chunks/3go6x9-m9rxv4.css was preloaded using link preload but not used within a few seconds from the window's load event. Please make sure it has an appropriate `as` value and it is preloaded intentionally.
[2026-06-03T22:31:09.155Z] [warning] The resource https://vercel.com/vc-ap-vercel-marketing/_next/static/immutable/chunks/2uyxzwnlb5x13.css was preloaded using link preload but not used within a few seconds from the window's load event. Please make sure it has an appropriate `as` value and it is preloaded intentionally.
[2026-06-03T22:31:09.155Z] [warning] The resource https://vercel.com/vc-ap-vercel-marketing/_next/static/immutable/chunks/0g2go0qk2o1yq.css was preloaded using link preload but not used within a few seconds from the window's load event. Please make sure it has an appropriate `as` value and it is preloaded intentionally.
[2026-06-03T22:31:09.155Z] [warning] The resource https://vercel.com/vc-ap-vercel-marketing/_next/static/immutable/chunks/3pkl_l28grjzi.css was preloaded using link preload but not used within a few seconds from the window's load event. Please make sure it has an appropriate `as` value and it is preloaded intentionally.
[2026-06-03T22:31:09.155Z] [warning] The resource https://vercel.com/vc-ap-vercel-marketing/_next/static/immutable/chunks/3v03z2dhi6852.css was preloaded using link preload but not used within a few seconds from the window's load event. Please make sure it has an appropriate `as` value and it is preloaded intentionally.
[2026-06-03T22:31:09.155Z] [warning] The resource https://vercel.com/vc-ap-vercel-marketing/_next/static/immutable/chunks/0tpq3jj-kza_f.css was preloaded using link preload but not used within a few seconds from the window's load event. Please make sure it has an appropriate `as` value and it is preloaded intentionally.
[2026-06-03T22:31:09.155Z] [warning] The resource https://vercel.com/vc-ap-vercel-marketing/_next/static/immutable/chunks/28q2qwo7gfd-d.css was preloaded using link preload but not used within a few seconds from the window's load event. Please make sure it has an appropriate `as` value and it is preloaded intentionally.
[2026-06-03T22:31:09.155Z] [warning] The resource https://vercel.com/vc-ap-vercel-marketing/_next/static/immutable/chunks/2rkroezqbepf5.css was preloaded using link preload but not used within a few seconds from the window's load event. Please make sure it has an appropriate `as` value and it is preloaded intentionally.
[2026-06-03T22:31:09.155Z] [warning] The resource https://vercel.com/vc-ap-vercel-marketing/_next/static/immutable/chunks/2zd3_ztfs8vsh.css was preloaded using link preload but not used within a few seconds from the window's load event. Please make sure it has an appropriate `as` value and it is preloaded intentionally.
[2026-06-03T22:31:09.155Z] [warning] The resource https://vercel.com/vc-ap-vercel-marketing/_next/static/immutable/chunks/1ywsc4s9dv8qv.css was preloaded using link preload but not used within a few seconds from the window's load event. Please make sure it has an appropriate `as` value and it is preloaded intentionally.
[2026-06-03T22:31:09.155Z] [warning] The resource https://vercel.com/vc-ap-vercel-marketing/_next/static/immutable/chunks/033aq2k2msyub.css was preloaded using link preload but not used within a few seconds from the window's load event. Please make sure it has an appropriate `as` value and it is preloaded intentionally.
[2026-06-03T22:31:17.397Z] [warning] The resource https://vercel.com/vc-ap-vercel-marketing/_next/static/immutable/chunks/32j1o4pp77j1w.css was preloaded using link preload but not used within a few seconds from the window's load event. Please make sure it has an appropriate `as` value and it is preloaded intentionally.
[2026-06-03T22:31:17.397Z] [warning] The resource https://vercel.com/vc-ap-vercel-marketing/_next/static/immutable/chunks/0ry-4zzdy46lc.css was preloaded using link preload but not used within a few seconds from the window's load event. Please make sure it has an appropriate `as` value and it is preloaded intentionally.
[2026-06-03T22:31:17.397Z] [warning] The resource https://vercel.com/vc-ap-vercel-marketing/_next/static/immutable/chunks/17lnwdxpzmd72.css was preloaded using link preload but not used within a few seconds from the window's load event. Please make sure it has an appropriate `as` value and it is preloaded intentionally.
[2026-06-03T22:31:17.397Z] [warning] The resource https://vercel.com/vc-ap-vercel-marketing/_next/static/immutable/chunks/2u633oc6-vsh9.css was preloaded using link preload but not used within a few seconds from the window's load event. Please make sure it has an appropriate `as` value and it is preloaded intentionally.
[2026-06-03T22:31:17.397Z] [warning] The resource https://vercel.com/vc-ap-vercel-marketing/_next/static/immutable/chunks/3go6x9-m9rxv4.css was preloaded using link preload but not used within a few seconds from the window's load event. Please make sure it has an appropriate `as` value and it is preloaded intentionally.
[2026-06-03T22:31:17.397Z] [warning] The resource https://vercel.com/vc-ap-vercel-marketing/_next/static/immutable/chunks/2uyxzwnlb5x13.css was preloaded using link preload but not used within a few seconds from the window's load event. Please make sure it has an appropriate `as` value and it is preloaded intentionally.
[2026-06-03T22:31:17.397Z] [warning] The resource https://vercel.com/vc-ap-vercel-marketing/_next/static/immutable/chunks/0g2go0qk2o1yq.css was preloaded using link preload but not used within a few seconds from the window's load event. Please make sure it has an appropriate `as` value and it is preloaded intentionally.
[2026-06-03T22:31:17.397Z] [warning] The resource https://vercel.com/vc-ap-vercel-marketing/_next/static/immutable/chunks/3pkl_l28grjzi.css was preloaded using link preload but not used within a few seconds from the window's load event. Please make sure it has an appropriate `as` value and it is preloaded intentionally.
[2026-06-03T22:31:17.397Z] [warning] The resource https://vercel.com/vc-ap-vercel-marketing/_next/static/immutable/chunks/3v03z2dhi6852.css was preloaded using link preload but not used within a few seconds from the window's load event. Please make sure it has an appropriate `as` value and it is preloaded intentionally.
[2026-06-03T22:31:17.397Z] [warning] The resource https://vercel.com/vc-ap-vercel-marketing/_next/static/immutable/chunks/0tpq3jj-kza_f.css was preloaded using link preload but not used within a few seconds from the window's load event. Please make sure it has an appropriate `as` value and it is preloaded intentionally.
[2026-06-03T22:31:17.397Z] [warning] The resource https://vercel.com/vc-ap-vercel-marketing/_next/static/immutable/chunks/28q2qwo7gfd-d.css was preloaded using link preload but not used within a few seconds from the window's load event. Please make sure it has an appropriate `as` value and it is preloaded intentionally.
[2026-06-03T22:31:17.397Z] [warning] The resource https://vercel.com/vc-ap-vercel-marketing/_next/static/immutable/chunks/2rkroezqbepf5.css was preloaded using link preload but not used within a few seconds from the window's load event. Please make sure it has an appropriate `as` value and it is preloaded intentionally.
[2026-06-03T22:31:17.397Z] [warning] The resource https://vercel.com/vc-ap-vercel-marketing/_next/static/immutable/chunks/2zd3_ztfs8vsh.css was preloaded using link preload but not used within a few seconds from the window's load event. Please make sure it has an appropriate `as` value and it is preloaded intentionally.
[2026-06-03T22:31:17.397Z] [warning] The resource https://vercel.com/vc-ap-vercel-marketing/_next/static/immutable/chunks/1ywsc4s9dv8qv.css was preloaded using link preload but not used within a few seconds from the window's load event. Please make sure it has an appropriate `as` value and it is preloaded intentionally.
[2026-06-03T22:31:17.397Z] [warning] The resource https://vercel.com/vc-ap-vercel-marketing/_next/static/immutable/chunks/033aq2k2msyub.css was preloaded using link preload but not used within a few seconds from the window's load event. Please make sure it has an appropriate `as` value and it is preloaded intentionally.
