[2026-06-03T22:31:03.198Z] GET https://vercel.com/ → 307 (135ms, ?B)
[2026-06-03T22:31:03.333Z] GET https://vercel.com/ → 200 (140ms, 965531B)
[2026-06-03T22:31:03.476Z] GET https://vercel.com/vc-ap-vercel-marketing/_next/static/immutable/media/GeistMono_Variable.p.1bcgm0qa26ixg.woff2 → 200 (61ms, 71248B)
[2026-06-03T22:31:03.476Z] GET https://vercel.com/vc-ap-vercel-marketing/_next/static/immutable/media/caa3a2e1cccd8315.p.0wgildi0cnwt9.woff2 → 200 (41ms, 29288B)
[2026-06-03T22:31:03.476Z] GET https://vercel.com/vc-ap-vercel-marketing/_next/static/immutable/media/runway-light.3zx3rbm9ybh6b.svg → 200 (116ms, 1315B)
[2026-06-03T22:31:03.476Z] GET https://vercel.com/vc-ap-vercel-marketing/_next/static/immutable/media/runway-dark.1l-g4v8ssniu4.svg → 200 (157ms, 1315B)
[2026-06-03T22:31:03.476Z] GET https://vercel.com/vc-ap-vercel-marketing/_next/static/immutable/media/leonardo-ai-light.0fcliua3j9zk1.svg → 200 (392ms, 1874B)
[2026-06-03T22:31:03.476Z] GET https://vercel.com/vc-ap-vercel-marketing/_next/static/immutable/media/leonardo-ai-dark.388su-97uei-e.svg → 200 (210ms, 1874B)
[2026-06-03T22:31:03.476Z] GET https://vercel.com/vc-ap-vercel-marketing/_next/static/immutable/media/zapier-light.1_j_dlfa474og.svg → 200 (210ms, 1910B)
[2026-06-03T22:31:03.476Z] GET https://vercel.com/vc-ap-vercel-marketing/_next/static/immutable/media/zapier-dark.29hslo2pkpwh1.svg → 200 (210ms, 1910B)
[2026-06-03T22:31:03.476Z] GET https://vercel.com/vc-ap-vercel-marketing/_next/static/immutable/media/arrow-right.27jx3s6fu89zy.svg → 200 (323ms, 503B)
[2026-06-03T22:31:03.476Z] GET https://vercel.com/vc-ap-vercel-marketing/_next/static/immutable/chunks/3eb4ae43kfx6e.css → 200 (44ms, 603723B)
[2026-06-03T22:31:03.476Z] GET https://vercel.com/vc-ap-vercel-marketing/_next/static/immutable/chunks/06127q0vl1spg.css → 200 (34ms, 120363B)
[2026-06-03T22:31:03.476Z] GET https://vercel.com/vc-ap-vercel-marketing/_next/static/immutable/chunks/0r2a-uee-_9ug.css → 200 (33ms, 120752B)
[2026-06-03T22:31:03.476Z] GET https://vercel.com/vc-ap-vercel-marketing/_next/static/immutable/chunks/32x0bgv7c5vu-.css → 200 (61ms, 119340B)
[2026-06-03T22:31:03.477Z] GET https://vercel.com/vc-ap-vercel-marketing/_next/static/immutable/chunks/37lq4pxhe4upr.css → 200 (34ms, 7374B)
[2026-06-03T22:31:03.477Z] GET https://vercel.com/vc-ap-vercel-marketing/_next/static/immutable/chunks/0311gci__mmsj.css → 200 (44ms, 23586B)
[2026-06-03T22:31:03.477Z] GET https://vercel.com/vc-ap-vercel-marketing/_next/static/immutable/chunks/2bth6v7mdypmo.css → 200 (157ms, 23981B)
[2026-06-03T22:31:03.477Z] GET https://vercel.com/vc-ap-vercel-marketing/_next/static/immutable/chunks/3dncqglpf567l.css → 200 (38ms, 415B)
[2026-06-03T22:31:03.477Z] GET https://vercel.com/vc-ap-vercel-marketing/_next/static/immutable/chunks/3s8zb7ruf0--9.css → 200 (71ms, 4057B)
[2026-06-03T22:31:03.477Z] GET https://vercel.com/vc-ap-vercel-marketing/_next/static/immutable/chunks/3cuoybj7bhx6r.css → 200 (71ms, 59555B)
[2026-06-03T22:31:03.477Z] GET https://vercel.com/vc-ap-vercel-marketing/_next/static/immutable/chunks/44-5mmd745jwj.css → 200 (51ms, 2539B)
[2026-06-03T22:31:03.477Z] GET https://vercel.com/vc-ap-vercel-marketing/_next/static/immutable/chunks/1untqi6219ngt.js → 200 (212ms, 16481B)
[2026-06-03T22:31:03.477Z] GET https://vercel.com/vc-ap-vercel-marketing/_next/static/immutable/chunks/1v5novilq_bbc.js → 200 (296ms, 47815B)
[2026-06-03T22:31:03.477Z] GET https://vercel.com/vc-ap-vercel-marketing/_next/static/immutable/chunks/0-vcyys9aura6.js → 200 (212ms, 34544B)
[2026-06-03T22:31:03.477Z] GET https://vercel.com/vc-ap-vercel-marketing/_next/static/immutable/chunks/1trfrzwzn808r.js → 200 (235ms, 204371B)
[2026-06-03T22:31:03.477Z] GET https://vercel.com/vc-ap-vercel-marketing/_next/static/immutable/chunks/1m5eh_58lylmf.js → 200 (242ms, 51356B)
[2026-06-03T22:31:03.477Z] GET https://vercel.com/vc-ap-vercel-marketing/_next/static/immutable/chunks/0ao4zv4vca0zv.js → 200 (229ms, 117089B)
[2026-06-03T22:31:03.477Z] GET https://vercel.com/vc-ap-vercel-marketing/_next/static/immutable/chunks/turbopack-41szjci4j5neb.js → 200 (212ms, 11581B)
[2026-06-03T22:31:03.477Z] GET https://vercel.com/vc-ap-vercel-marketing/_next/static/immutable/chunks/3yn5cqeqnj3ix.js → 200 (212ms, 11457B)
[2026-06-03T22:31:03.477Z] GET https://vercel.com/vc-ap-vercel-marketing/_next/static/immutable/chunks/0vqg0v-7w89gh.js → 200 (212ms, 47917B)
[2026-06-03T22:31:03.478Z] GET https://vercel.com/vc-ap-vercel-marketing/_next/static/immutable/chunks/1lg8g8tyjq9g_.js → 200 (242ms, 26300B)
[2026-06-03T22:31:03.478Z] GET https://vercel.com/vc-ap-vercel-marketing/_next/static/immutable/chunks/191dja3k_32de.js → 200 (231ms, 45535B)
[2026-06-03T22:31:03.478Z] GET https://vercel.com/vc-ap-vercel-marketing/_next/static/immutable/chunks/1xtor7_y62b9b.js → 200 (210ms, 6967B)
[2026-06-03T22:31:03.478Z] GET https://vercel.com/vc-ap-vercel-marketing/_next/static/immutable/chunks/1nno5c6tq2v8b.js → 200 (241ms, 47204B)
[2026-06-03T22:31:03.478Z] GET https://vercel.com/vc-ap-vercel-marketing/_next/static/immutable/chunks/2mrks7g7ydf1_.js → 200 (234ms, 32984B)
[2026-06-03T22:31:03.478Z] GET https://vercel.com/vc-ap-vercel-marketing/_next/static/immutable/chunks/023xgg82m6i08.js → 200 (334ms, 8435B)
[2026-06-03T22:31:03.478Z] GET https://vercel.com/vc-ap-vercel-marketing/_next/static/immutable/chunks/1x5s7nr-jutcg.js → 200 (211ms, 37095B)
[2026-06-03T22:31:03.478Z] GET https://vercel.com/vc-ap-vercel-marketing/_next/static/immutable/chunks/211gf0en2j71p.js → 200 (211ms, 29507B)
[2026-06-03T22:31:03.478Z] GET https://vercel.com/vc-ap-vercel-marketing/_next/static/immutable/chunks/32229xyvr23th.js → 200 (212ms, 76911B)
[2026-06-03T22:31:03.478Z] GET https://vercel.com/vc-ap-vercel-marketing/_next/static/immutable/chunks/0by-_hvl3sij6.js → 200 (272ms, 24859B)
[2026-06-03T22:31:03.478Z] GET https://vercel.com/vc-ap-vercel-marketing/_next/static/immutable/chunks/3ixnl9-4agb-3.js → 200 (295ms, 24423B)
[2026-06-03T22:31:03.478Z] GET https://vercel.com/vc-ap-vercel-marketing/_next/static/immutable/chunks/2q3_cfyw_x3iz.js → 200 (266ms, 167995B)
[2026-06-03T22:31:03.478Z] GET https://vercel.com/vc-ap-vercel-marketing/_next/static/immutable/chunks/3sh72u7iihqch.js → 200 (241ms, 79298B)
[2026-06-03T22:31:03.478Z] GET https://vercel.com/vc-ap-vercel-marketing/_next/static/immutable/chunks/3wawwhildw9hi.js → 200 (242ms, 9553B)
[2026-06-03T22:31:03.478Z] GET https://vercel.com/vc-ap-vercel-marketing/_next/static/immutable/chunks/0qfz230kcs3_k.js → 200 (296ms, 19207B)
[2026-06-03T22:31:03.478Z] GET https://vercel.com/vc-ap-vercel-marketing/_next/static/immutable/chunks/3ckc7abxn-1e0.js → 200 (212ms, 22072B)
[2026-06-03T22:31:03.478Z] GET https://vercel.com/vc-ap-vercel-marketing/_next/static/immutable/chunks/1-0_on0c56pdk.js → 200 (266ms, 39424B)
[2026-06-03T22:31:03.479Z] GET https://vercel.com/vc-ap-vercel-marketing/_next/static/immutable/chunks/2k1_odc105z39.js → 200 (295ms, 44981B)
[2026-06-03T22:31:03.479Z] GET https://vercel.com/vc-ap-vercel-marketing/_next/static/immutable/chunks/0a_njl16qxd8q.js → 200 (295ms, 24933B)
[2026-06-03T22:31:03.479Z] GET https://vercel.com/vc-ap-vercel-marketing/_next/static/immutable/chunks/0kp6nwz1bmsj6.js → 200 (334ms, 15242B)
[2026-06-03T22:31:03.479Z] GET https://vercel.com/vc-ap-vercel-marketing/_next/static/immutable/chunks/2_cx8pv14lc3f.js → 200 (294ms, 41400B)
[2026-06-03T22:31:03.479Z] GET https://vercel.com/vc-ap-vercel-marketing/_next/static/immutable/chunks/32by59x6sl67p.js → 200 (295ms, 89637B)
[2026-06-03T22:31:03.479Z] GET https://vercel.com/vc-ap-vercel-marketing/_next/static/immutable/chunks/3q2zoc_5i4-c-.js → 200 (334ms, 139262B)
[2026-06-03T22:31:03.479Z] GET https://vercel.com/vc-ap-vercel-marketing/_next/static/immutable/chunks/0eq80t0473fk7.js → 200 (342ms, 33358B)
[2026-06-03T22:31:03.479Z] GET https://vercel.com/vc-ap-vercel-marketing/_next/static/immutable/chunks/0vbzp9c-px8a7.js → 200 (389ms, 59404B)
[2026-06-03T22:31:03.479Z] GET https://vercel.com/vc-ap-vercel-marketing/_next/static/immutable/chunks/3o22fj834vpzp.js → 200 (334ms, 21607B)
[2026-06-03T22:31:03.479Z] GET https://vercel.com/vc-ap-vercel-marketing/_next/static/immutable/chunks/1wm9pzwpzejeb.js → 200 (228ms, 36812B)
[2026-06-03T22:31:03.479Z] GET https://vercel.com/vc-ap-vercel-marketing/_next/static/immutable/chunks/0fr_db6vus0hc.js → 200 (227ms, 71352B)
[2026-06-03T22:31:03.479Z] GET https://vercel.com/vc-ap-vercel-marketing/_next/static/immutable/chunks/3rotejzc11ibe.js → 200 (270ms, 97785B)
[2026-06-03T22:31:03.479Z] GET https://vercel.com/vc-ap-vercel-marketing/_next/static/immutable/chunks/191-texyvyaro.js → 200 (271ms, 74884B)
[2026-06-03T22:31:03.479Z] GET https://vercel.com/vc-ap-vercel-marketing/_next/static/immutable/chunks/31dedz0rogmp_.js → 200 (271ms, 13216B)
[2026-06-03T22:31:03.479Z] GET https://vercel.com/vc-ap-vercel-marketing/_next/static/immutable/chunks/3jbfi4p7vqadl.js → 200 (270ms, 22686B)
[2026-06-03T22:31:03.479Z] GET https://vercel.com/vc-ap-vercel-marketing/_next/static/immutable/chunks/0invnq9pp6is7.js → 200 (334ms, 28683B)
[2026-06-03T22:31:03.479Z] GET https://vercel.com/vc-ap-vercel-marketing/_next/static/immutable/chunks/3oqt6zk3t541f.js → 200 (263ms, 17726B)
[2026-06-03T22:31:03.479Z] GET https://vercel.com/vc-ap-vercel-marketing/_next/static/immutable/chunks/220kgx-m4g7e_.js → 200 (294ms, 71352B)
[2026-06-03T22:31:03.479Z] GET https://vercel.com/vc-ap-vercel-marketing/_next/static/immutable/chunks/3h8lwyk0ogt2q.js → 200 (389ms, 31652B)
[2026-06-03T22:31:03.479Z] GET https://vercel.com/vc-ap-vercel-marketing/_next/static/immutable/chunks/28jybh6r0ldww.js → 200 (350ms, 39874B)
[2026-06-03T22:31:03.479Z] GET https://vercel.com/vc-ap-vercel-marketing/_next/static/immutable/chunks/01mpfmoli56ci.js → 200 (270ms, 27056B)
[2026-06-03T22:31:03.479Z] GET https://vercel.com/vc-ap-vercel-marketing/_next/static/immutable/chunks/17sa1vuqe-w3b.js → 200 (271ms, 37862B)
[2026-06-03T22:31:03.479Z] GET https://vercel.com/vc-ap-vercel-marketing/_next/static/immutable/chunks/1p88w8-d3q8in.js → 200 (337ms, 36389B)
[2026-06-03T22:31:03.479Z] GET https://vercel.com/vc-ap-vercel-marketing/_next/static/immutable/chunks/1zqex7rt4nxns.js → 200 (271ms, 30082B)
[2026-06-03T22:31:03.479Z] GET https://vercel.com/vc-ap-vercel-marketing/_next/static/immutable/chunks/41snpwlid1-ha.js → 200 (352ms, 97200B)
[2026-06-03T22:31:03.479Z] GET https://vercel.com/vc-ap-vercel-marketing/_next/static/immutable/chunks/0_pwuwey415j3.js → 200 (263ms, 61851B)
[2026-06-03T22:31:03.479Z] GET https://vercel.com/vc-ap-vercel-marketing/_next/static/immutable/chunks/08swoa9knrckd.js → 200 (389ms, 31839B)
[2026-06-03T22:31:03.479Z] GET https://vercel.com/vc-ap-vercel-marketing/_next/static/immutable/chunks/3h56xv1c-fixd.js → 200 (389ms, 34818B)
[2026-06-03T22:31:03.479Z] GET https://vercel.com/vc-ap-vercel-marketing/_next/static/immutable/chunks/15q9crm_75z5c.js → 200 (351ms, 42741B)
[2026-06-03T22:31:03.479Z] GET https://vercel.com/vc-ap-vercel-marketing/_next/static/immutable/chunks/236aw0-naka4x.js → 200 (270ms, 48354B)
[2026-06-03T22:31:03.479Z] GET https://vercel.com/vc-ap-vercel-marketing/_next/static/immutable/chunks/3e940okf8pazl.js → 200 (358ms, 1362551B)
[2026-06-03T22:31:03.479Z] GET https://vercel.com/vc-ap-vercel-marketing/_next/static/immutable/chunks/39__rayf977pk.js → 200 (272ms, 119988B)
[2026-06-03T22:31:03.479Z] GET https://vercel.com/vc-ap-vercel-marketing/_next/static/immutable/chunks/1jsykaqzf4vil.js → 200 (294ms, 123264B)
[2026-06-03T22:31:03.479Z] GET https://vercel.com/vc-ap-vercel-marketing/_next/static/immutable/chunks/3l2askijvz8b0.js → 200 (389ms, 67489B)
[2026-06-03T22:31:03.479Z] GET https://vercel.com/vc-ap-vercel-marketing/_next/static/immutable/chunks/32frwe8oh2uxg.js → 200 (295ms, 345028B)
[2026-06-03T22:31:03.479Z] GET https://vercel.com/vc-ap-vercel-marketing/_next/static/immutable/chunks/39c-83x92jjvn.js → 200 (240ms, 47723B)
[2026-06-03T22:31:03.479Z] GET https://vercel.com/vc-ap-vercel-marketing/_next/static/immutable/chunks/1obszz2pbl6ux.js → 200 (241ms, 79757B)
[2026-06-03T22:31:03.479Z] GET https://vercel.com/vc-ap-vercel-marketing/_next/static/immutable/chunks/2c0e_mvr6hq-4.js → 200 (267ms, 44017B)
[2026-06-03T22:31:03.479Z] GET https://vercel.com/vc-ap-vercel-marketing/_next/static/immutable/chunks/3ptbxusfk8z1j.js → 200 (270ms, 218916B)
[2026-06-03T22:31:03.479Z] GET https://vercel.com/vc-ap-vercel-marketing/_next/static/immutable/chunks/418kor15yqosx.js → 200 (264ms, 51384B)
[2026-06-03T22:31:03.479Z] GET https://vercel.com/vc-ap-vercel-marketing/_next/static/immutable/chunks/0v8wigwjwu4oe.js → 200 (271ms, 264860B)
[2026-06-03T22:31:03.479Z] GET https://vercel.com/vc-ap-vercel-marketing/_next/static/immutable/chunks/15e261shws2l_.js → 200 (240ms, 85810B)
[2026-06-03T22:31:03.479Z] GET https://vercel.com/vc-ap-vercel-marketing/_next/static/immutable/chunks/0tpq3jj-kza_f.css → 200 (58ms, 240B)
[2026-06-03T22:31:03.479Z] GET https://vercel.com/vc-ap-vercel-marketing/_next/static/immutable/chunks/1z8pdvwlpx5ck.js → 200 (357ms, 34802B)
[2026-06-03T22:31:03.479Z] GET https://vercel.com/vc-ap-vercel-marketing/_next/static/immutable/chunks/0tkqlhqm32s73.js → 200 (270ms, 442582B)
[2026-06-03T22:31:03.646Z] GET https://vercel.com/vc-ap-vercel-marketing/_next/static/immutable/media/arrow-right.27jx3s6fu89zy.svg → 200 (153ms, 503B)
[2026-06-03T22:31:03.646Z] GET https://vercel.com/vc-ap-vercel-marketing/_next/static/immutable/media/arrow-right.27jx3s6fu89zy.svg → 200 (153ms, 503B)
[2026-06-03T22:31:03.685Z] GET https://lishhsx6kmthaacj.public.blob.vercel-storage.com/fonts/dseg7classic-bold.counter.woff2 → pending (?ms, ?B)
[2026-06-03T22:31:03.685Z] GET https://lishhsx6kmthaacj.public.blob.vercel-storage.com/delivered-web-agents-min.svg → pending (?ms, ?B)
[2026-06-03T22:31:03.685Z] GET https://lishhsx6kmthaacj.public.blob.vercel-storage.com/delivered-web-apps-min.svg → pending (?ms, ?B)
[2026-06-03T22:31:03.685Z] GET https://lishhsx6kmthaacj.public.blob.vercel-storage.com/delivered-commerce-min.svg → pending (?ms, ?B)
[2026-06-03T22:31:03.685Z] GET https://lishhsx6kmthaacj.public.blob.vercel-storage.com/fluid-compute-min-home.svg → pending (?ms, ?B)
[2026-06-03T22:31:03.998Z] GET https://www.vercel-status.com/api/v2/incidents/unresolved.json → 200 (751ms, 161B)
[2026-06-03T22:31:03.998Z] GET https://vercel.com/.well-known/vercel/microfrontends/client-config → 200 (68ms, 7337B)
[2026-06-03T22:31:03.998Z] GET https://vercel.com/.well-known/vercel/microfrontends/client-config → 200 (26ms, 7337B)
[2026-06-03T22:31:03.998Z] GET https://vercel.com/vc-ap-vercel-marketing/_next/static/immutable/chunks/3db2ao9in23-9.js → 200 (27ms, 14926B)
[2026-06-03T22:31:03.998Z] GET https://vercel.com/vc-ap-vercel-marketing/_next/static/immutable/chunks/1_jk2-zyrzbs-.css → 200 (1ms, 246B)
[2026-06-03T22:31:03.998Z] GET https://vercel.com/vc-ap-vercel-marketing/_next/static/immutable/chunks/2rz0ibhe640kq.js → 200 (55ms, 14533B)
[2026-06-03T22:31:04.076Z] GET https://vercel.com/pricing?_rsc=NDEu6CoHg21f_eE3 → 200 (214ms, 1794B)
[2026-06-03T22:31:04.076Z] GET https://vercel.com/enterprise?_rsc=NDEu6CoHg21f_eE3 → 200 (84ms, 1625B)
[2026-06-03T22:31:04.078Z] GET https://vercel.com/contact/sales/demo?_rsc=NDEu6CoHg21f_eE3 → 200 (87ms, 1749B)
[2026-06-03T22:31:04.078Z] GET https://vercel.com/solutions/design-engineering?_rsc=NDEu6CoHg21f_eE3 → 200 (523ms, 1707B)
[2026-06-03T22:31:04.083Z] GET https://vercel.com/vc-ap-vercel-marketing/_next/static/immutable/chunks/0ofg9j6thko11.js → 200 (77ms, 42500B)
[2026-06-03T22:31:04.083Z] GET https://vercel.com/vc-ap-vercel-marketing/_next/static/immutable/chunks/1_5x28dld2beb.js → 200 (30ms, 36522B)
[2026-06-03T22:31:04.083Z] GET https://vercel.com/vc-ap-vercel-marketing/_next/static/immutable/chunks/1xba4phh_6263.js → 200 (77ms, 34821B)
[2026-06-03T22:31:04.083Z] GET https://vercel.com/vc-ap-vercel-marketing/_next/static/immutable/chunks/0_32dttjlp6t0.js → 200 (82ms, 218916B)
[2026-06-03T22:31:04.083Z] GET https://vercel.com/vc-ap-vercel-marketing/_next/static/immutable/chunks/2uxaci-ox60je.js → 200 (49ms, 296103B)
[2026-06-03T22:31:04.083Z] GET https://vercel.com/vc-ap-vercel-marketing/_next/static/immutable/chunks/3a3xk3al298e5.js → 200 (95ms, 119988B)
[2026-06-03T22:31:04.083Z] GET https://vercel.com/vc-ap-vercel-marketing/_next/static/immutable/chunks/1yy_qgpgvbz2e.js → 200 (70ms, 323362B)
[2026-06-03T22:31:04.161Z] GET https://vercel.com/vc-ap-vercel-marketing/_next/static/immutable/chunks/2uyxzwnlb5x13.css → 200 (56ms, 2161B)
[2026-06-03T22:31:04.161Z] GET https://vercel.com/solutions/platform-engineering?_rsc=NDEu6CoHg21f_eE3 → 200 (58ms, 1709B)
[2026-06-03T22:31:04.165Z] GET https://vercel.com/partners/solution-partners?_rsc=NDEu6CoHg21f_eE3 → 200 (54ms, 1789B)
[2026-06-03T22:31:04.220Z] GET https://vercel.com/solutions/web-apps?_rsc=NDEu6CoHg21f_eE3 → 200 (46ms, 1697B)
[2026-06-03T22:31:04.221Z] GET https://vercel.com/vc-ap-vercel-marketing/_next/static/immutable/chunks/0g2go0qk2o1yq.css → 200 (35ms, 1686B)
[2026-06-03T22:31:04.221Z] GET https://vercel.com/solutions/multi-tenant-saas?_rsc=NDEu6CoHg21f_eE3 → 200 (52ms, 1706B)
[2026-06-03T22:31:04.266Z] GET https://vercel.com/solutions/marketing-sites?_rsc=NDEu6CoHg21f_eE3 → 200 (48ms, 1704B)
[2026-06-03T22:31:04.274Z] GET https://vercel.com/solutions/composable-commerce?_rsc=NDEu6CoHg21f_eE3 → 200 (54ms, 1708B)
[2026-06-03T22:31:04.291Z] GET https://vercel.com/vc-ap-vercel-marketing/_next/static/immutable/chunks/3pkl_l28grjzi.css → 200 (35ms, 8306B)
[2026-06-03T22:31:04.291Z] GET https://vercel.com/ai?_rsc=NDEu6CoHg21f_eE3 → 200 (53ms, 1530B)
[2026-06-03T22:31:04.315Z] GET https://vercel.com/solutions/turborepo?_rsc=NDEu6CoHg21f_eE3 → 200 (50ms, 1698B)
[2026-06-03T22:31:04.329Z] GET https://vercel.com/frameworks/nextjs?_rsc=NDEu6CoHg21f_eE3 → 200 (49ms, 1609B)
[2026-06-03T22:31:04.344Z] GET https://vercel.com/events?_rsc=NDEu6CoHg21f_eE3 → 200 (76ms, 1534B)
[2026-06-03T22:31:04.365Z] GET https://vercel.com/press?_rsc=NDEu6CoHg21f_eE3 → 200 (71ms, 1849B)
[2026-06-03T22:31:04.378Z] GET https://vercel.com/changelog?_rsc=NDEu6CoHg21f_eE3 → 200 (86ms, 2027B)
[2026-06-03T22:31:04.385Z] GET https://vercel.com/vc-ap-vercel-marketing/_next/static/immutable/chunks/1b2uelnzu5inb.js → 200 (66ms, 148920B)
[2026-06-03T22:31:04.385Z] POST https://vercel.com/api/stream/internal → 200 (169ms, 55B)
[2026-06-03T22:31:04.385Z] POST https://vercel.com/api/jwt → 403 (105ms, 12B)
[2026-06-03T22:31:04.410Z] GET https://vercel.com/3628f7ea4ecd82e3/script.js → 200 (110ms, 12567B)
[2026-06-03T22:31:04.410Z] GET https://vercel.com/e62b3a9e28ed8bca/script.js → 200 (95ms, 2495B)
[2026-06-03T22:31:04.410Z] GET https://vercel.com/signup → 200 (81ms, ?B)
[2026-06-03T22:31:04.420Z] GET https://vercel.com/blog?_rsc=NDEu6CoHg21f_eE3 → 200 (103ms, 1935B)
[2026-06-03T22:31:04.436Z] GET https://vercel.com/vc-ap-vercel-marketing/_next/static/immutable/chunks/3go6x9-m9rxv4.css → 200 (83ms, 6767B)
[2026-06-03T22:31:04.436Z] GET https://vercel.com/vc-ap-vercel-marketing/_next/static/immutable/chunks/2rkroezqbepf5.css → 200 (87ms, 1475B)
[2026-06-03T22:31:04.436Z] GET https://vercel.com/customers?_rsc=NDEu6CoHg21f_eE3 → 200 (92ms, 1624B)
[2026-06-03T22:31:04.461Z] POST https://o205439.ingest.us.sentry.io/api/4507726617772032/envelope/?sentry_key=285c77642188feae6e662bd2903e2d52&sentry_version=7&sentry_client=sentry.javascript.browser%2F7.111.0 → 429 (329ms, 198B)
[2026-06-03T22:31:04.469Z] POST https://o205439.ingest.us.sentry.io/api/4507726617772032/envelope/?sentry_key=285c77642188feae6e662bd2903e2d52&sentry_version=7&sentry_client=sentry.javascript.browser%2F7.111.0 → 200 (319ms, 2B)
[2026-06-03T22:31:04.471Z] GET https://vercel.com/vc-ap-vercel-marketing/_next/static/immutable/chunks/0ry-4zzdy46lc.css → 200 (96ms, 9992B)
[2026-06-03T22:31:04.471Z] GET https://vercel.com/vc-ap-vercel-marketing/_next/static/immutable/chunks/28q2qwo7gfd-d.css → 200 (96ms, 20628B)
[2026-06-03T22:31:04.471Z] GET https://vercel.com/vc-ap-vercel-marketing/_next/static/immutable/chunks/2u633oc6-vsh9.css → 200 (92ms, 3402B)
[2026-06-03T22:31:04.471Z] GET https://vercel.com/security/web-application-firewall?_rsc=NDEu6CoHg21f_eE3 → 200 (108ms, 1712B)
[2026-06-03T22:31:04.524Z] GET https://vercel.com/vc-ap-vercel-marketing/_next/static/immutable/chunks/2zd3_ztfs8vsh.css → 200 (120ms, 4014B)
[2026-06-03T22:31:04.524Z] GET https://vercel.com/vc-ap-vercel-marketing/_next/static/immutable/chunks/1ywsc4s9dv8qv.css → 200 (141ms, 583B)
[2026-06-03T22:31:04.524Z] GET https://vercel.com/security?_rsc=NDEu6CoHg21f_eE3 → 200 (118ms, 1623B)
[2026-06-03T22:31:04.528Z] GET https://vercel.com/botid?_rsc=NDEu6CoHg21f_eE3 → 200 (120ms, 1620B)
[2026-06-03T22:31:04.580Z] GET https://vercel.com/security/bot-management?_rsc=NDEu6CoHg21f_eE3 → 200 (157ms, 1702B)
[2026-06-03T22:31:04.595Z] GET https://vercel.com/ship → 200 (144ms, ?B)
[2026-06-03T22:31:04.601Z] GET https://vercel.com/products/observability?_rsc=NDEu6CoHg21f_eE3 → 200 (148ms, 1701B)
[2026-06-03T22:31:04.643Z] GET https://vercel.com/vc-ap-vercel-marketing/_next/static/immutable/chunks/17lnwdxpzmd72.css → 200 (143ms, 10639B)
[2026-06-03T22:31:04.643Z] GET https://vercel.com/workflows?_rsc=NDEu6CoHg21f_eE3 → 200 (159ms, 1624B)
[2026-06-03T22:31:04.649Z] GET https://vercel.com/fluid?_rsc=NDEu6CoHg21f_eE3 → 200 (167ms, 1620B)
[2026-06-03T22:31:04.738Z] GET https://vercel.com/cdn?_rsc=NDEu6CoHg21f_eE3 → 200 (128ms, 1618B)
[2026-06-03T22:31:04.740Z] GET https://vercel.com/login → 200 (149ms, ?B)
[2026-06-03T22:31:04.750Z] GET https://vercel.com/vc-ap-vercel-marketing/_next/static/immutable/chunks/3v03z2dhi6852.css → 200 (116ms, 11019B)
[2026-06-03T22:31:04.751Z] GET https://vercel.com/products/previews?_rsc=NDEu6CoHg21f_eE3 → 200 (151ms, 1783B)
[2026-06-03T22:31:04.803Z] GET https://vercel.com/ai-sdk?_rsc=NDEu6CoHg21f_eE3 → pending (?ms, ?B)
[2026-06-03T22:31:04.817Z] GET https://vercel.com/agent?_rsc=NDEu6CoHg21f_eE3 → pending (?ms, ?B)
[2026-06-03T22:31:04.867Z] GET https://vercel.com/vc-ap-vercel-marketing/_next/static/immutable/chunks/033aq2k2msyub.css → pending (?ms, ?B)
[2026-06-03T22:31:04.867Z] GET https://vercel.com/sandbox?_rsc=NDEu6CoHg21f_eE3 → pending (?ms, ?B)
[2026-06-03T22:31:04.903Z] GET https://vercel.com/vc-ap-vercel-marketing/_next/static/immutable/chunks/32j1o4pp77j1w.css → pending (?ms, ?B)
[2026-06-03T22:31:04.903Z] GET https://vercel.com/ai-gateway?_rsc=NDEu6CoHg21f_eE3 → pending (?ms, ?B)
[2026-06-03T22:31:04.947Z] GET https://vercel.com/home?_rsc=NDEu6CoHg21f_eE3 → 200 (98ms, 2165B)
[2026-06-03T22:31:04.962Z] GET https://vercel.com/contact/sales/demo?_rsc=fU8z7jnMvRSDakir → 200 (93ms, 40168B)
[2026-06-03T22:31:04.978Z] GET https://vercel.com/new → 200 (101ms, ?B)
[2026-06-03T22:31:04.989Z] GET https://vercel.com/contact/sales/demo?_rsc=TBIlsgN-HzI-9wV6 → 200 (83ms, 37076B)
[2026-06-03T22:31:05.028Z] GET https://vercel.com/solutions/design-engineering?_rsc=i0lzAW894BxOJkzZ → 200 (110ms, 147919B)
[2026-06-03T22:31:05.045Z] GET https://vercel.com/solutions/platform-engineering?_rsc=nsmYf5P5AR_Ak57v → 200 (103ms, 127069B)
[2026-06-03T22:31:05.055Z] GET https://vercel.com/partners/solution-partners?_rsc=FgXhqJWFGiKe9L7Y → 200 (98ms, 99443B)
[2026-06-03T22:31:05.076Z] GET https://vercel.com/vc-ap-vercel-marketing/_next/static/immutable/chunks/1ms6hv--mkejs.js → 200 (81ms, 787B)
[2026-06-03T22:31:05.076Z] GET https://vercel.com/vc-ap-vercel-marketing/_next/static/immutable/chunks/1w3q7k1cf_e-i.js → 200 (132ms, 45101B)
[2026-06-03T22:31:05.076Z] GET https://vercel.com/vc-ap-vercel-marketing/_next/static/immutable/chunks/1-073d94veiln.js → 200 (73ms, 30631B)
[2026-06-03T22:31:05.076Z] GET https://vercel.com/vc-ap-vercel-marketing/_next/static/immutable/chunks/2z-z3rqaly9dk.js → 200 (61ms, 34574B)
[2026-06-03T22:31:05.076Z] GET https://vercel.com/vc-ap-vercel-marketing/_next/static/immutable/chunks/2pdu5otkblbja.js → 200 (72ms, 148064B)
[2026-06-03T22:31:05.077Z] GET https://vercel.com/vc-ap-vercel-marketing/_next/static/immutable/chunks/0ceokzqhxj1ap.js → 200 (61ms, 84800B)
[2026-06-03T22:31:05.077Z] GET https://vercel.com/vc-ap-vercel-marketing/_next/static/immutable/chunks/3tjcv_pcburp_.js → 200 (120ms, 158805B)
[2026-06-03T22:31:05.077Z] GET https://vercel.com/vc-ap-vercel-marketing/_next/static/immutable/chunks/1g286ky-5ge1n.js → 200 (55ms, 79751B)
[2026-06-03T22:31:05.077Z] GET https://vercel.com/vc-ap-vercel-marketing/_next/static/immutable/chunks/0f-nayze55qh6.js → 200 (58ms, 67481B)
[2026-06-03T22:31:05.077Z] GET https://vercel.com/vc-ap-vercel-marketing/_next/static/immutable/chunks/3qphzzflftnsu.js → 200 (68ms, 49591B)
[2026-06-03T22:31:05.077Z] GET https://vercel.com/solutions/web-apps?_rsc=Tu-6LbVC2th61-qa → 200 (78ms, 166914B)
[2026-06-03T22:31:05.144Z] GET https://vercel.com/vc-ap-vercel-marketing/_next/static/immutable/chunks/1fe05nxh5smzk.js → 200 (31ms, 31393B)
[2026-06-03T22:31:05.144Z] GET https://vercel.com/vc-ap-vercel-marketing/_next/static/immutable/chunks/3isadq0g80d2m.js → 200 (44ms, 36747B)
[2026-06-03T22:31:05.144Z] GET https://vercel.com/vc-ap-vercel-marketing/_next/static/immutable/chunks/2llwtjr4tz7jw.js → 200 (33ms, 28322B)
[2026-06-03T22:31:05.144Z] GET https://vercel.com/vc-ap-vercel-marketing/_next/static/immutable/chunks/0wf0v8d3la14h.js → 200 (62ms, 39874B)
[2026-06-03T22:31:05.144Z] GET https://vercel.com/vc-ap-vercel-marketing/_next/static/immutable/chunks/25w8qfdniexlp.js → 200 (43ms, 17726B)
[2026-06-03T22:31:05.144Z] GET https://vercel.com/vc-ap-vercel-marketing/_next/static/immutable/chunks/2lai4mb4-la1l.js → 200 (48ms, 76721B)
[2026-06-03T22:31:05.144Z] GET https://vercel.com/vc-ap-vercel-marketing/_next/static/immutable/chunks/3jmtgurjkvwmq.js → 200 (43ms, 54053B)
[2026-06-03T22:31:05.144Z] GET https://vercel.com/vc-ap-vercel-marketing/_next/static/immutable/chunks/3n2-m2f-w6_02.js → 200 (39ms, 87921B)
[2026-06-03T22:31:05.144Z] GET https://vercel.com/solutions/multi-tenant-saas?_rsc=VUzjq4BQn0WUUXns → 200 (55ms, 158677B)
[2026-06-03T22:31:05.148Z] GET https://vercel.com/solutions/marketing-sites?_rsc=BtRw4tYcrNbANcWp → 200 (64ms, 128172B)
[2026-06-03T22:31:05.157Z] GET https://vercel.com/vc-ap-vercel-marketing/_next/static/immutable/chunks/2yignfwijtma4.js → 200 (108ms, 11197B)
[2026-06-03T22:31:05.157Z] GET https://vercel.com/vc-ap-vercel-marketing/_next/static/immutable/chunks/1-ql8kk99m351.js → 200 (56ms, 63293B)
[2026-06-03T22:31:05.157Z] GET https://vercel.com/solutions/composable-commerce?_rsc=0PEtzHcxNoCo3UpV → 200 (214ms, 160941B)
[2026-06-03T22:31:05.157Z] GET https://vercel.com/ai?_rsc=rQ_KEdjP84r2OR8l → 200 (93ms, 134477B)
[2026-06-03T22:31:05.203Z] GET https://vercel.com/solutions/turborepo?_rsc=DfE3iOv0R1YNn6U6 → 200 (75ms, 22592B)
[2026-06-03T22:31:05.215Z] GET https://vercel.com/vc-ap-vercel-marketing/_next/static/immutable/chunks/03yfz_4i7_k8_.js → 200 (62ms, 66052B)
[2026-06-03T22:31:05.215Z] GET https://vercel.com/vc-ap-vercel-marketing/_next/static/immutable/chunks/3cge-0asxpktc.js → 200 (157ms, 54053B)
[2026-06-03T22:31:05.215Z] GET https://vercel.com/frameworks/nextjs?_rsc=E10qdBcDfwH84Kxa → 200 (104ms, 198990B)
[2026-06-03T22:31:05.253Z] GET https://vercel.com/vc-ap-vercel-marketing/_next/static/immutable/chunks/420ohltlj8js3.js → 200 (61ms, 24308B)
[2026-06-03T22:31:05.254Z] GET https://vercel.com/vc-ap-vercel-marketing/_next/static/immutable/chunks/0z2e42nnkfb0g.js → 200 (65ms, 68202B)
[2026-06-03T22:31:05.254Z] GET https://vercel.com/vc-ap-vercel-marketing/_next/static/immutable/chunks/1lh3-sa9kgp9h.js → 200 (59ms, 54053B)
[2026-06-03T22:31:05.254Z] GET https://vercel.com/vc-ap-vercel-marketing/_next/static/immutable/chunks/15ue69fiiupsx.js → 200 (126ms, 62265B)
[2026-06-03T22:31:05.254Z] GET https://vercel.com/events?_rsc=8LPPB9m5tZVyaDEg → 200 (72ms, 34740B)
[2026-06-03T22:31:05.279Z] GET https://vercel.com/vc-ap-vercel-marketing/_next/static/immutable/chunks/3hf4we3pc4pmv.js → 200 (92ms, 19996B)
[2026-06-03T22:31:05.279Z] GET https://vercel.com/vc-ap-vercel-marketing/_next/static/immutable/chunks/1px9-nckh-ifr.js → 200 (92ms, 404824B)
[2026-06-03T22:31:05.279Z] GET https://vercel.com/vc-ap-vercel-marketing/_next/static/immutable/chunks/2r98cibd1i_bq.js → 200 (83ms, 41214B)
[2026-06-03T22:31:05.279Z] GET https://vercel.com/press?_rsc=IPix4UiS-pZCTBTS → 200 (90ms, 31042B)
[2026-06-03T22:31:05.322Z] GET https://vercel.com/vc-ap-vercel-marketing/_next/static/immutable/chunks/0efblvftppo44.js → 200 (147ms, 30457B)
[2026-06-03T22:31:05.322Z] GET https://vercel.com/vc-ap-vercel-marketing/_next/static/immutable/chunks/1uu3ypaotssc3.js → 200 (132ms, 30044B)
[2026-06-03T22:31:05.322Z] GET https://vercel.com/vc-ap-vercel-marketing/_next/static/immutable/chunks/0_gtwsz6kwdne.js → 200 (72ms, 54053B)
[2026-06-03T22:31:05.322Z] GET https://vercel.com/vc-ap-vercel-marketing/_next/static/immutable/chunks/2i4qmc7ns8j_s.js → 200 (64ms, 26425B)
[2026-06-03T22:31:05.322Z] GET https://vercel.com/press?_rsc=06RNgyLg4IZTBkk_ → 200 (214ms, 14862B)
[2026-06-03T22:31:05.326Z] GET https://vercel.com/vc-ap-vercel-marketing/_next/static/immutable/chunks/3e1vtt-o7j2h7.js → 200 (68ms, 92151B)
[2026-06-03T22:31:05.326Z] GET https://vercel.com/changelog?_rsc=q7hkBUx3U8bfL27b → 200 (79ms, 64691B)
[2026-06-03T22:31:05.370Z] GET https://vercel.com/vc-ap-vercel-marketing/_next/static/immutable/chunks/36kxixan71p7b.js → 200 (57ms, 29085B)
[2026-06-03T22:31:05.370Z] GET https://vercel.com/vc-ap-vercel-marketing/_next/static/immutable/chunks/2xm6_qz2h88sv.js → 200 (57ms, 31164B)
[2026-06-03T22:31:05.370Z] GET https://vercel.com/vc-ap-vercel-marketing/_next/static/immutable/chunks/0rxnoe24b08td.js → 200 (85ms, 507015B)
[2026-06-03T22:31:05.370Z] GET https://vercel.com/vc-ap-vercel-marketing/_next/static/immutable/chunks/1w6rf5c5_o0ig.js → 200 (80ms, 47588B)
[2026-06-03T22:31:05.370Z] GET https://vercel.com/vc-ap-vercel-marketing/_next/static/immutable/chunks/0e5os1-2op40z.js → 200 (69ms, 21674B)
[2026-06-03T22:31:05.371Z] GET https://vercel.com/blog?_rsc=lzqzFbPO3E7RaS8v → 200 (98ms, 370868B)
[2026-06-03T22:31:05.380Z] GET https://vercel.com/customers?_rsc=8CwW2QfiO0WgpUnV → 200 (74ms, 339339B)
[2026-06-03T22:31:05.413Z] GET https://vercel.com/vc-ap-vercel-marketing/_next/static/immutable/chunks/3474gcil9xjnw.js → 200 (71ms, 29712B)
[2026-06-03T22:31:05.413Z] GET https://vercel.com/vc-ap-vercel-marketing/_next/static/immutable/chunks/3k3_h81k78pfj.js → 200 (305ms, 60065B)
[2026-06-03T22:31:05.413Z] GET https://vercel.com/vc-ap-vercel-marketing/_next/static/immutable/chunks/0g6_l9z5sti03.js → 200 (75ms, 54187B)
[2026-06-03T22:31:05.413Z] GET https://vercel.com/vc-ap-vercel-marketing/_next/static/immutable/chunks/2e828chvjrsvl.js → 200 (71ms, 230181B)
[2026-06-03T22:31:05.413Z] GET https://vercel.com/vc-ap-vercel-marketing/_next/static/immutable/chunks/0i8rp6gt3ml-g.js → 200 (111ms, 110534B)
[2026-06-03T22:31:05.413Z] GET https://vercel.com/security/web-application-firewall?_rsc=sLxjYyGua0UtVdMi → 200 (75ms, 148718B)
[2026-06-03T22:31:05.468Z] GET https://vercel.com/vc-ap-vercel-marketing/_next/static/immutable/chunks/200_wvkyo_gns.js → 200 (56ms, 56863B)
[2026-06-03T22:31:05.468Z] GET https://vercel.com/vc-ap-vercel-marketing/_next/static/immutable/chunks/0_hcz7jplnl90.js → 200 (68ms, 54053B)
[2026-06-03T22:31:05.468Z] GET https://vercel.com/security?_rsc=eQ-LkArNRX9B66Wc → 200 (71ms, 126610B)
[2026-06-03T22:31:05.477Z] GET https://vercel.com/vc-ap-vercel-marketing/_next/static/immutable/chunks/2i3d3k2zhfgd3.js → 200 (59ms, 35448B)
[2026-06-03T22:31:05.477Z] GET https://vercel.com/vc-ap-vercel-marketing/_next/static/immutable/chunks/1bj38lkdz0ppa.js → 200 (47ms, 37127B)
[2026-06-03T22:31:05.477Z] GET https://vercel.com/botid?_rsc=awhiomEMAaxIw0r_ → 200 (88ms, 136716B)
[2026-06-03T22:31:05.489Z] GET https://vercel.com/security/bot-management?_rsc=NsMC6Ubp4KbCHy0F → 200 (66ms, 111598B)
[2026-06-03T22:31:05.536Z] GET https://vercel.com/vc-ap-vercel-marketing/_next/static/immutable/chunks/2q8jxeq8lhsv-.js → 200 (58ms, 35089B)
[2026-06-03T22:31:05.536Z] GET https://vercel.com/products/observability?_rsc=dEEQ56T2fjs8L0mX → 200 (68ms, 271726B)
[2026-06-03T22:31:05.542Z] GET https://vercel.com/vc-ap-vercel-marketing/_next/static/immutable/chunks/0hctj-aom1irm.js → 200 (60ms, 48773B)
[2026-06-03T22:31:05.542Z] GET https://vercel.com/vc-ap-vercel-marketing/_next/static/immutable/chunks/1u3f74dy_0k5p.js → 200 (53ms, 88616B)
[2026-06-03T22:31:05.542Z] GET https://vercel.com/workflows?_rsc=1vH-kkCoW8aGh-Yf → 200 (78ms, 238550B)
[2026-06-03T22:31:05.560Z] GET https://vercel.com/fluid?_rsc=d-KpfvWwXRBR0EuK → 200 (96ms, 133180B)
[2026-06-03T22:31:05.567Z] GET https://vercel.com/vc-ap-vercel-marketing/_next/static/immutable/chunks/3yngbbyk_ptnu.js → 200 (54ms, 38758B)
[2026-06-03T22:31:05.567Z] GET https://vercel.com/vc-ap-vercel-marketing/_next/static/immutable/chunks/0s5jnnm0yijzp.js → 200 (65ms, 54053B)
[2026-06-03T22:31:05.567Z] GET https://vercel.com/cdn?_rsc=W_n7tg0krbg4ymOj → 200 (89ms, 131451B)
[2026-06-03T22:31:05.608Z] GET https://vercel.com/vc-ap-vercel-marketing/_next/static/immutable/chunks/06q8w926mp2yc.js → 200 (48ms, 27617B)
[2026-06-03T22:31:05.608Z] GET https://vercel.com/vc-ap-vercel-marketing/_next/static/immutable/chunks/1axoqw6f2klpk.js → 200 (62ms, 93058B)
[2026-06-03T22:31:05.608Z] GET https://vercel.com/vc-ap-vercel-marketing/_next/static/immutable/chunks/2efaryeli896a.js → 200 (62ms, 50653B)
[2026-06-03T22:31:05.608Z] GET https://vercel.com/products/previews?_rsc=HxRlPpN8r14myQz5 → 200 (139ms, 167343B)
[2026-06-03T22:31:05.622Z] GET https://vercel.com/vc-ap-vercel-marketing/_next/static/immutable/chunks/179zj4-42agir.js → 200 (72ms, 54053B)
[2026-06-03T22:31:05.622Z] GET https://vercel.com/vc-ap-vercel-marketing/_next/static/immutable/chunks/09la7f-8wcnle.js → 200 (50ms, 31675B)
[2026-06-03T22:31:05.622Z] GET https://vercel.com/vc-ap-vercel-marketing/_next/static/immutable/chunks/3fzekzb5l0ejz.js → 200 (52ms, 70615B)
[2026-06-03T22:31:05.623Z] GET https://vercel.com/ai-sdk?_rsc=g_BR0-J6n0wtxT7O → 200 (78ms, 141149B)
[2026-06-03T22:31:05.660Z] GET https://vercel.com/vc-ap-vercel-marketing/_next/static/immutable/chunks/10y3t02e0f0_g.js → 200 (53ms, 51210B)
[2026-06-03T22:31:05.660Z] GET https://vercel.com/vc-ap-vercel-marketing/_next/static/immutable/chunks/293z-l0i7ts1d.js → 200 (115ms, 1027674B)
[2026-06-03T22:31:05.660Z] GET https://vercel.com/vc-ap-vercel-marketing/_next/static/immutable/chunks/0cxum0y8rrob8.js → 200 (82ms, 54053B)
[2026-06-03T22:31:05.660Z] GET https://vercel.com/agent?_rsc=1QcFuKCprVrAzb3j → 200 (78ms, 84811B)
[2026-06-03T22:31:05.660Z] GET https://vercel.com/vc-ap-vercel-marketing/_next/static/immutable/chunks/1nwvj01jcx6w_.js → 200 (58ms, 35316B)
[2026-06-03T22:31:05.660Z] GET https://vercel.com/vc-ap-vercel-marketing/_next/static/immutable/chunks/2tfy8okq5lj0-.js → 200 (53ms, 35463B)
[2026-06-03T22:31:05.660Z] GET https://vercel.com/vc-ap-vercel-marketing/_next/static/immutable/chunks/00dpnjkl4zgto.js → 200 (57ms, 54053B)
[2026-06-03T22:31:05.660Z] GET https://vercel.com/vc-ap-vercel-marketing/_next/static/immutable/chunks/30-dzkz42s0t4.js → 200 (82ms, 89904B)
[2026-06-03T22:31:05.660Z] GET https://vercel.com/sandbox?_rsc=TZl9mArAccvwwfrH → 200 (82ms, 135675B)
[2026-06-03T22:31:05.704Z] GET https://vercel.com/vc-ap-vercel-marketing/_next/static/immutable/chunks/315sqir37g3nh.js → 200 (79ms, 34679B)
[2026-06-03T22:31:05.704Z] GET https://vercel.com/vc-ap-vercel-marketing/_next/static/immutable/chunks/02q-kxow5c1md.js → 200 (79ms, 70907B)
[2026-06-03T22:31:05.704Z] GET https://vercel.com/ai-gateway?_rsc=d1PJ5V0HdClNnpME → 200 (99ms, 166474B)
[2026-06-03T22:31:05.740Z] GET https://vercel.com/vc-ap-vercel-marketing/_next/static/immutable/chunks/1vkw7a0slcj38.js → 200 (48ms, 26843B)
[2026-06-03T22:31:05.740Z] GET https://vercel.com/vc-ap-vercel-marketing/_next/static/immutable/chunks/1ektrd715ubhe.js → 200 (51ms, 54053B)
[2026-06-03T22:31:05.740Z] GET https://vercel.com/home?_rsc=_keH8VavRmW-h1ZJ → 200 (75ms, 219283B)
[2026-06-03T22:31:05.749Z] GET https://vercel.com/vc-ap-vercel-marketing/_next/static/immutable/chunks/0gv_16nbxodza.js → 200 (76ms, 28758B)
[2026-06-03T22:31:05.749Z] GET https://vercel.com/vc-ap-vercel-marketing/_next/static/immutable/chunks/2rcteq0evprgb.js → 200 (48ms, 39489B)
[2026-06-03T22:31:05.749Z] GET https://vercel.com/vc-ap-vercel-marketing/_next/static/immutable/chunks/0rb5g2h9wvpsq.js → 200 (62ms, 54053B)
[2026-06-03T22:31:05.749Z] GET https://vercel.com/pricing?_rsc=sfsff0pjMavfhuoG → pending (?ms, ?B)
[2026-06-03T22:31:05.752Z] GET https://vercel.com/vc-ap-vercel-marketing/_next/static/immutable/chunks/1u0rou-51gd-0.js → 200 (50ms, 28002B)
[2026-06-03T22:31:05.752Z] GET https://vercel.com/vc-ap-vercel-marketing/_next/static/immutable/chunks/1hz__12u7wlha.js → 200 (53ms, 47065B)
[2026-06-03T22:31:05.752Z] GET https://vercel.com/enterprise?_rsc=tb8TtuPC0LItQZfE → 200 (75ms, 222860B)
[2026-06-03T22:31:05.805Z] GET https://vercel.com/vc-ap-vercel-marketing/_next/static/immutable/chunks/0e6iswpdf29td.js → 200 (51ms, 11560B)
[2026-06-03T22:31:05.805Z] GET https://vercel.com/vc-ap-vercel-marketing/_next/static/immutable/chunks/04w31m6gus3qf.js → 200 (86ms, 2251B)
[2026-06-03T22:31:05.805Z] GET https://vercel.com/vc-ap-vercel-marketing/_next/static/immutable/chunks/2wor5poxez56f.js → 200 (52ms, 54053B)
[2026-06-03T22:31:05.805Z] GET https://vercel.com/vc-ap-vercel-marketing/_next/static/immutable/chunks/0c-t9yoe2fbw3.js → 200 (52ms, 87558B)
[2026-06-03T22:31:05.805Z] GET https://vercel.com/vc-ap-vercel-marketing/_next/static/immutable/chunks/1xd5-cds3g_5c.js → 200 (86ms, 94935B)
[2026-06-03T22:31:05.829Z] GET https://vercel.com/vc-ap-vercel-marketing/_next/static/immutable/chunks/3386dhfa45gst.js → 200 (76ms, 32178B)
[2026-06-03T22:31:05.829Z] GET https://vercel.com/vc-ap-vercel-marketing/_next/static/immutable/chunks/1c4adz5hdedss.js → pending (?ms, ?B)
[2026-06-03T22:31:05.829Z] GET https://vercel.com/vc-ap-vercel-marketing/_next/static/immutable/chunks/2_97wv3ryffsr.js → pending (?ms, ?B)
[2026-06-03T22:31:05.829Z] GET https://vercel.com/vc-ap-vercel-marketing/_next/static/immutable/chunks/3xdkal_nklhur.js → 200 (76ms, 108806B)
[2026-06-03T22:31:06.105Z] GET https://vercel.com/vc-ap-vercel-marketing/_next/static/immutable/chunks/3rjko2jsg9tlr.js → 200 (41ms, 50362B)
[2026-06-03T22:31:06.105Z] GET https://vercel.com/vc-ap-vercel-marketing/_next/static/immutable/chunks/0-jfb4y3kdo2o.js → 200 (45ms, 61981B)
[2026-06-03T22:31:14.071Z] POST https://vercel.com/.well-known/otel/metrics → 204 (325ms, ?B)
